##############################################################################################################
  ITDT-SE Log (Version 9.2.0.20171204 - Linux) - started logging at Wed Aug 24 14:02:56.485 2022 with log level 'Error'

ENGC0016E - 'Wed Aug 24 14:03:05.268 2022' - RESPONSE_DISCOVER: DeviceDiscover.
##############################################################################################################
  ITDT-SE Log (Version 9.5.3.20220315 - Linux) - started logging at Thu Aug 25 16:45:18.316 2022 with log level 'Error'

##############################################################################################################
  ITDT-SE Log (Version 9.5.3.20220315 - Linux) - started logging at Thu Aug 25 16:45:52.236 2022 with log level 'Error'

##############################################################################################################
  ITDT-SE Log (Version 9.5.3.20220315 - Linux) - started logging at Thu Aug 25 16:46:01.777 2022 with log level 'Error'

##############################################################################################################
  ITDT-SE Log (Version 9.5.3.20220315 - Linux) - started logging at Thu Aug 25 16:46:35.987 2022 with log level 'Error'

##############################################################################################################
  ITDT-SE Log (Version 9.5.3.20220315 - Linux) - started logging at Thu Aug 25 16:47:13.542 2022 with log level 'Error'

##############################################################################################################
  ITDT-SE Log (Version 9.2.0.20171204 - Linux) - started logging at Thu Aug 25 16:48:12.149 2022 with log level 'Error'

ENGC0016E - 'Thu Aug 25 16:48:14.901 2022' - RESPONSE_DISCOVER: DeviceDiscover.
##############################################################################################################
  ITDT-SE Log (Version 9.5.3.20220315 - Linux) - started logging at Thu Aug 25 16:48:33.976 2022 with log level 'Error'

##############################################################################################################
  ITDT-SE Log (Version 9.2.0.20171204 - Linux) - started logging at Fri Aug 26 15:57:56.208 2022 with log level 'Error'

##############################################################################################################
  ITDT-SE Log (Version 9.2.0.20171204 - Linux) - started logging at Fri Aug 26 16:01:05.613 2022 with log level 'Error'

ENGC0016E - 'Fri Aug 26 16:01:07.660 2022' - RESPONSE_DISCOVER: DeviceDiscover.
##############################################################################################################
  ITDT-SE Log (Version 9.2.0.20171204 - Linux) - started logging at Fri Aug 26 16:03:53.763 2022 with log level 'Error'

##############################################################################################################
  ITDT-SE Log (Version 9.5.3.20220315 - Linux) - started logging at Mon Aug 29 12:26:14.666 2022 with log level 'Error'

##############################################################################################################
  ITDT-SE Log (Version 9.2.0.20171204 - Linux) - started logging at Tue Aug 30 15:47:12.881 2022 with log level 'Error'

ENGC0016E - 'Tue Aug 30 15:47:20.801 2022' - RESPONSE_DISCOVER: DeviceDiscover.
##############################################################################################################
  ITDT-SE Log (Version 9.2.0.20171204 - Linux) - started logging at Tue Sep 06 15:03:45.241 2022 with log level 'Error'

ENGC0016E - 'Tue Sep 06 15:04:36.712 2022' - RESPONSE_DISCOVER: DeviceDiscover.
##############################################################################################################
  ITDT-SE Log (Version 9.2.0.20171204 - Linux) - started logging at Tue Sep 06 16:02:28.267 2022 with log level 'Error'

##############################################################################################################
  ITDT-SE Log (Version 9.5.3.20220315 - Linux) - started logging at Mon Sep 12 13:25:03.048 2022 with log level 'Error'

##############################################################################################################
  ITDT-SE Log (Version 9.5.3.20220315 - Linux) - started logging at Mon Sep 12 15:46:22.138 2022 with log level 'Error'

##############################################################################################################
  ITDT-SE Log (Version 9.5.3.20220315 - Linux) - started logging at Fri Nov 11 13:13:39.938 2022 with log level 'Error'

##############################################################################################################
  ITDT-SE Log (Version 9.5.3.20220315 - Linux) - started logging at Wed Nov 16 09:41:21.563 2022 with log level 'Error'

ENGC0016E - 'Wed Nov 16 09:41:36.605 2022' - RESPONSE_DISCOVER: DeviceDiscover.
##############################################################################################################
  ITDT-SE Log (Version 9.5.3.20220315 - Linux) - started logging at Fri Mar 31 11:19:30.035 2023 with log level 'Error'

ENGC0016E - 'Fri Mar 31 11:19:40.222 2023' - RESPONSE_DISCOVER: DeviceDiscover.
##############################################################################################################
  ITDT-SE Log (Version 9.5.3.20220315 - Linux) - started logging at Wed May 10 16:05:23.707 2023 with log level 'Error'

